<?xml version="1.0" encoding="UTF-8"?>
<!-- Generated by org.testng.reporters.JUnitXMLReporter -->
<testsuite ignored="0" hostname="DESKTOP-H508BLN" failures="1" tests="2" name="Test" time="23.05" errors="0" timestamp="2022-03-09T12:26:43 COT">
  <testcase classname="com.testNG.EjemploTestNG" name="Ingresar_Direccion" time="0.006">
    <failure type="java.lang.NullPointerException" message="Cannot invoke &amp;quot;io.appium.java_client.screenrecording.CanRecordScreen.startRecordingScreen()&amp;quot; because &amp;quot;this.driver&amp;quot; is null">
      <![CDATA[java.lang.NullPointerException: Cannot invoke "io.appium.java_client.screenrecording.CanRecordScreen.startRecordingScreen()" because "this.driver" is null
at com.testNG.ClaseBaseFinalMobil.iniVideo(ClaseBaseFinalMobil.java:392)
at com.testNG.EjemploTestNG.Ingresar_Direccion(EjemploTestNG.java:79)
at java.base/java.util.ArrayList.forEach(ArrayList.java:1511)
... Removed 27 stack frames]]>
    </failure>
  </testcase> <!-- Ingresar_Direccion -->
  <testcase classname="com.testNG.EjemploTestNG" name="Ingresar_Direccion12" time="0.001"/>
</testsuite> <!-- Test -->
